[debug] [2023-07-14T17:09:21.299Z] ----------------------------------------------------------------------
[debug] [2023-07-14T17:09:21.302Z] Command:       C:\Program Files (x86)\nodejs\node.exe C:\Users\eva\AppData\Roaming\npm\node_modules\firebase-tools\lib\bin\firebase.js emulators:start
[debug] [2023-07-14T17:09:21.302Z] CLI Version:   12.4.4
[debug] [2023-07-14T17:09:21.303Z] Platform:      win32
[debug] [2023-07-14T17:09:21.303Z] Node Version:  v18.15.0
[debug] [2023-07-14T17:09:21.304Z] Time:          Sat Jul 15 2023 01:09:21 GMT+0800 (台北標準時間)
[debug] [2023-07-14T17:09:21.304Z] ----------------------------------------------------------------------
[debug] 
[debug] [2023-07-14T17:09:21.505Z] > command requires scopes: ["email","openid","https://www.googleapis.com/auth/cloudplatformprojects.readonly","https://www.googleapis.com/auth/firebase","https://www.googleapis.com/auth/cloud-platform"]
[debug] [2023-07-14T17:09:21.505Z] > authorizing via signed-in user (nolliechy@gmail.com)
[info] i  emulators: Starting emulators: functions, hosting {"metadata":{"emulator":{"name":"hub"},"message":"Starting emulators: functions, hosting"}}
[debug] [2023-07-14T17:09:21.523Z] [logging] Logging Emulator only supports listening on one address (127.0.0.1). Not listening on ::1
[debug] [2023-07-14T17:09:21.523Z] [hosting] Hosting Emulator only supports listening on one address (127.0.0.1). Not listening on ::1
[warn] !  ui: Emulator UI unable to start on port 4000, starting on 4002 instead. {"metadata":{"emulator":{"name":"ui"},"message":"Emulator UI unable to start on port 4000, starting on 4002 instead."}}
[debug] [2023-07-14T17:09:21.528Z] assigned listening specs for emulators {"user":{"hub":[{"address":"127.0.0.1","family":"IPv4","port":4400},{"address":"::1","family":"IPv6","port":4400}],"logging":[{"address":"127.0.0.1","family":"IPv4","port":4500}],"hosting":[{"address":"127.0.0.1","family":"IPv4","port":5000}],"ui":[{"address":"127.0.0.1","family":"IPv4","port":4002},{"address":"::1","family":"IPv6","port":4002}]},"metadata":{"message":"assigned listening specs for emulators"}}
[warn] !  emulators: It seems that you are running multiple instances of the emulator suite for project clone-b74be. This may result in unexpected behavior. 
[debug] [2023-07-14T17:09:21.551Z] [hub] writing locator at C:\Users\eva\AppData\Local\Temp\hub-clone-b74be.json
[debug] [2023-07-14T17:09:21.575Z] [functions] Functions Emulator only supports listening on one address (127.0.0.1). Not listening on ::1
[debug] [2023-07-14T17:09:21.576Z] [eventarc] Eventarc Emulator only supports listening on one address (127.0.0.1). Not listening on ::1
[debug] [2023-07-14T17:09:21.576Z] late-assigned ports for functions and eventarc emulators {"user":{"hub":[{"address":"127.0.0.1","family":"IPv4","port":4400},{"address":"::1","family":"IPv6","port":4400}],"logging":[{"address":"127.0.0.1","family":"IPv4","port":4500}],"hosting":[{"address":"127.0.0.1","family":"IPv4","port":5000}],"ui":[{"address":"127.0.0.1","family":"IPv4","port":4002},{"address":"::1","family":"IPv6","port":4002}],"functions":[{"address":"127.0.0.1","family":"IPv4","port":5001}],"eventarc":[{"address":"127.0.0.1","family":"IPv4","port":9299}]},"metadata":{"message":"late-assigned ports for functions and eventarc emulators"}}
[warn] !  functions: The following emulators are not running, calls to these services from the Functions emulator will affect production: auth, firestore, database, pubsub, storage {"metadata":{"emulator":{"name":"functions"},"message":"The following emulators are not running, calls to these services from the Functions emulator will affect production: \u001b[1mauth, firestore, database, pubsub, storage\u001b[22m"}}
[debug] [2023-07-14T17:09:21.582Z] defaultcredentials: writing to file C:\Users\eva\AppData\Roaming\firebase\nolliechy_gmail_com_application_default_credentials.json
[debug] [2023-07-14T17:09:21.780Z] Setting GAC to C:\Users\eva\AppData\Roaming\firebase\nolliechy_gmail_com_application_default_credentials.json {"metadata":{"emulator":{"name":"functions"},"message":"Setting GAC to C:\\Users\\eva\\AppData\\Roaming\\firebase\\nolliechy_gmail_com_application_default_credentials.json"}}
[debug] [2023-07-14T17:09:21.784Z] >>> [apiv2][query] GET https://firebase.googleapis.com/v1beta1/projects/clone-b74be/adminSdkConfig [none]
[debug] [2023-07-14T17:09:22.304Z] <<< [apiv2][status] GET https://firebase.googleapis.com/v1beta1/projects/clone-b74be/adminSdkConfig 200
[debug] [2023-07-14T17:09:22.304Z] <<< [apiv2][body] GET https://firebase.googleapis.com/v1beta1/projects/clone-b74be/adminSdkConfig {"projectId":"clone-b74be","storageBucket":"clone-b74be.appspot.com"}
[debug] [2023-07-14T17:09:22.335Z] >>> [apiv2][query] GET https://firebasehosting.googleapis.com/v1beta1/projects/clone-b74be/sites 
[debug] [2023-07-14T17:09:23.252Z] <<< [apiv2][status] GET https://firebasehosting.googleapis.com/v1beta1/projects/clone-b74be/sites 200
[debug] [2023-07-14T17:09:23.253Z] <<< [apiv2][body] GET https://firebasehosting.googleapis.com/v1beta1/projects/clone-b74be/sites {"sites":[{"name":"projects/clone-b74be/sites/clone-b74be","defaultUrl":"https://clone-b74be.web.app","appId":"1:26762841413:web:d227b20a6ecc89ddb6422c","type":"DEFAULT_SITE"}]}
[debug] [2023-07-14T17:09:23.253Z] >>> [apiv2][query] GET https://firebase.googleapis.com/v1beta1/projects/clone-b74be/webApps/1:26762841413:web:d227b20a6ecc89ddb6422c/config [none]
[debug] [2023-07-14T17:09:24.530Z] <<< [apiv2][status] GET https://firebase.googleapis.com/v1beta1/projects/clone-b74be/webApps/1:26762841413:web:d227b20a6ecc89ddb6422c/config 200
[debug] [2023-07-14T17:09:24.530Z] <<< [apiv2][body] GET https://firebase.googleapis.com/v1beta1/projects/clone-b74be/webApps/1:26762841413:web:d227b20a6ecc89ddb6422c/config {"projectId":"clone-b74be","appId":"1:26762841413:web:d227b20a6ecc89ddb6422c","storageBucket":"clone-b74be.appspot.com","apiKey":"AIzaSyBfKWcv9ZYUJazu_w83FvtY9PR718V59H8","authDomain":"clone-b74be.firebaseapp.com","messagingSenderId":"26762841413","measurementId":"G-0X7GSET6BP"}
[debug] [2023-07-14T17:09:24.536Z] >>> [apiv2][query] GET https://firebase.googleapis.com/v1beta1/projects/clone-b74be [none]
[debug] [2023-07-14T17:09:25.171Z] <<< [apiv2][status] GET https://firebase.googleapis.com/v1beta1/projects/clone-b74be 200
[debug] [2023-07-14T17:09:25.171Z] <<< [apiv2][body] GET https://firebase.googleapis.com/v1beta1/projects/clone-b74be {"projectId":"clone-b74be","projectNumber":"26762841413","displayName":"amazon-clone","name":"projects/clone-b74be","resources":{"hostingSite":"clone-b74be"},"state":"ACTIVE","etag":"1_cf2513ff-b9b3-47f0-9081-15cea15050cd"}
[debug] [2023-07-14T17:09:25.172Z] Specified "public" directory "build" does not exist; Deploy to Hosting site "clone-b74be" may fail or be empty.
[info] i  hosting[clone-b74be]: Serving hosting files from: build {"metadata":{"emulator":{"name":"hosting"},"message":"Serving hosting files from: \u001b[1mbuild\u001b[22m"}}
[info] +  hosting[clone-b74be]: Local server: http://127.0.0.1:5000 {"metadata":{"emulator":{"name":"hosting"},"message":"Local server: \u001b[4m\u001b[1mhttp://127.0.0.1:5000\u001b[22m\u001b[24m"}}
[debug] [2023-07-14T17:09:25.203Z] Ignoring unsupported arg: auto_download {"metadata":{"emulator":{"name":"ui"},"message":"Ignoring unsupported arg: auto_download"}}
[debug] [2023-07-14T17:09:25.204Z] Ignoring unsupported arg: port {"metadata":{"emulator":{"name":"ui"},"message":"Ignoring unsupported arg: port"}}
[debug] [2023-07-14T17:09:25.204Z] Starting Emulator UI with command {"binary":"node","args":["C:\\Users\\eva\\.cache\\firebase\\emulators\\ui-v1.11.7\\server\\server.js"],"optionalArgs":[],"joinArgs":false} {"metadata":{"emulator":{"name":"ui"},"message":"Starting Emulator UI with command {\"binary\":\"node\",\"args\":[\"C:\\\\Users\\\\eva\\\\.cache\\\\firebase\\\\emulators\\\\ui-v1.11.7\\\\server\\\\server.js\"],\"optionalArgs\":[],\"joinArgs\":false}"}}
[info] i  ui: Emulator UI logging to ui-debug.log {"metadata":{"emulator":{"name":"ui"},"message":"Emulator UI logging to \u001b[1mui-debug.log\u001b[22m"}}
[debug] [2023-07-14T17:09:25.348Z] Web / API server started at 127.0.0.1:4002
 {"metadata":{"emulator":{"name":"ui"},"message":"Web / API server started at 127.0.0.1:4002\n"}}
[debug] [2023-07-14T17:09:25.348Z] Web / API server started at ::1:4002
 {"metadata":{"emulator":{"name":"ui"},"message":"Web / API server started at ::1:4002\n"}}
[info] i  functions: Watching "C:\Users\eva\cloneAmazon\amazon-clone\functions" for Cloud Functions... {"metadata":{"emulator":{"name":"functions"},"message":"Watching \"C:\\Users\\eva\\cloneAmazon\\amazon-clone\\functions\" for Cloud Functions..."}}
[debug] [2023-07-14T17:09:25.483Z] Validating nodejs source
[debug] [2023-07-14T17:09:28.243Z] > [functions] package.json contents: {
  "name": "functions",
  "description": "Cloud Functions for Firebase",
  "scripts": {
    "lint": "eslint .",
    "serve": "firebase emulators:start --only functions",
    "shell": "firebase functions:shell",
    "start": "npm run shell",
    "deploy": "firebase deploy --only functions",
    "logs": "firebase functions:log"
  },
  "engines": {
    "node": "18"
  },
  "main": "index.js",
  "dependencies": {
    "cors": "^2.8.5",
    "express": "^4.18.2",
    "firebase-admin": "^11.8.0",
    "firebase-functions": "^4.3.1",
    "stripe": "^12.13.0"
  },
  "devDependencies": {
    "eslint": "^8.15.0",
    "eslint-config-google": "^0.14.0",
    "firebase-functions-test": "^3.1.0"
  },
  "private": true
}
[debug] [2023-07-14T17:09:28.244Z] Building nodejs source
[debug] [2023-07-14T17:09:28.244Z] Failed to find version of module node: reached end of search path C:\Users\eva\cloneAmazon\amazon-clone\functions\node_modules
[info] +  functions: Using node@18 from host. 
[debug] [2023-07-14T17:09:28.248Z] Could not find functions.yaml. Must use http discovery
[debug] [2023-07-14T17:09:28.255Z] Found firebase-functions binary at 'C:\Users\eva\cloneAmazon\amazon-clone\functions\node_modules\.bin\firebase-functions'
[info] Serving at port 8556

[debug] [2023-07-14T17:09:36.432Z] Got response from /__/functions.yaml {"endpoints":{"api":{"platform":"gcfv1","availableMemoryMb":null,"timeoutSeconds":null,"minInstances":null,"maxInstances":null,"ingressSettings":null,"serviceAccountEmail":null,"vpc":null,"httpsTrigger":{},"entryPoint":"api"}},"specVersion":"v1alpha1","requiredAPIs":[]}
[info] shutdown requested via /__/quitquitquit

[info] +  functions: Loaded functions definitions from source: api. {"metadata":{"emulator":{"name":"functions"},"message":"Loaded functions definitions from source: api."}}
[info] +  functions[us-central1-api]: http function initialized (http://127.0.0.1:5001/clone-b74be/us-central1/api). {"metadata":{"emulator":{"name":"functions"},"message":"\u001b[1mhttp\u001b[22m function initialized (http://127.0.0.1:5001/clone-b74be/us-central1/api)."}}
[info] 
┌─────────────────────────────────────────────────────────────┐
│ ✔  All emulators ready! It is now safe to connect your app. │
│ i  View Emulator UI at http://127.0.0.1:4002/               │
└─────────────────────────────────────────────────────────────┘

┌───────────┬────────────────┬─────────────────────────────────┐
│ Emulator  │ Host:Port      │ View in Emulator UI             │
├───────────┼────────────────┼─────────────────────────────────┤
│ Functions │ 127.0.0.1:5001 │ http://127.0.0.1:4002/functions │
├───────────┼────────────────┼─────────────────────────────────┤
│ Hosting   │ 127.0.0.1:5000 │ n/a                             │
└───────────┴────────────────┴─────────────────────────────────┘
  Emulator Hub running at 127.0.0.1:4400
  Other reserved ports: 4500

Issues? Report them at https://github.com/firebase/firebase-tools/issues and attach the *-debug.log files.
 
[debug] [2023-07-14T17:10:24.993Z] [work-queue] {"queuedWork":["/clone-b74be/us-central1/api-2023-07-14T17:10:24.993Z"],"queueLength":1,"runningWork":[],"workRunningCount":0}
[debug] [2023-07-14T17:10:24.995Z] [work-queue] {"queuedWork":[],"queueLength":0,"runningWork":["/clone-b74be/us-central1/api-2023-07-14T17:10:24.993Z"],"workRunningCount":1}
[debug] [2023-07-14T17:10:24.996Z] Accepted request GET /clone-b74be/us-central1/api --> us-central1-api
[debug] [2023-07-14T17:10:25.001Z] [functions] Runtime ready! Sending request! {"metadata":{"emulator":{"name":"functions"},"message":"[functions] Runtime ready! Sending request!"}}
[debug] [2023-07-14T17:10:25.002Z] [functions] Got req.url=/clone-b74be/us-central1/api, mapping to path=/ {"metadata":{"emulator":{"name":"functions"},"message":"[functions] Got req.url=/clone-b74be/us-central1/api, mapping to path=/"}}
[debug] [2023-07-14T17:10:25.022Z] [worker-pool] addWorker(us-central1-api) {"metadata":{"emulator":{"name":"functions"},"message":"[worker-pool] addWorker(us-central1-api)"}}
[debug] [2023-07-14T17:10:25.024Z] [worker-pool] Adding worker with key us-central1-api, total=1 {"metadata":{"emulator":{"name":"functions"},"message":"[worker-pool] Adding worker with key us-central1-api, total=1"}}
[debug] [2023-07-14T17:10:26.531Z] [runtime-status] [9832] Resolved module firebase-admin {"declared":true,"installed":true,"version":"11.10.1","resolution":"C:\\Users\\eva\\cloneAmazon\\amazon-clone\\functions\\node_modules\\firebase-admin\\lib\\index.js"} {"metadata":{"emulator":{"name":"functions"},"function":{"name":"us-central1-api"},"extension":{},"message":"[runtime-status] [9832] Resolved module firebase-admin {\"declared\":true,\"installed\":true,\"version\":\"11.10.1\",\"resolution\":\"C:\\\\Users\\\\eva\\\\cloneAmazon\\\\amazon-clone\\\\functions\\\\node_modules\\\\firebase-admin\\\\lib\\\\index.js\"}"}}
[debug] [2023-07-14T17:10:26.532Z] [runtime-status] [9832] Resolved module firebase-functions {"declared":true,"installed":true,"version":"4.4.1","resolution":"C:\\Users\\eva\\cloneAmazon\\amazon-clone\\functions\\node_modules\\firebase-functions\\lib\\v1\\index.js"} {"metadata":{"emulator":{"name":"functions"},"function":{"name":"us-central1-api"},"extension":{},"message":"[runtime-status] [9832] Resolved module firebase-functions {\"declared\":true,\"installed\":true,\"version\":\"4.4.1\",\"resolution\":\"C:\\\\Users\\\\eva\\\\cloneAmazon\\\\amazon-clone\\\\functions\\\\node_modules\\\\firebase-functions\\\\lib\\\\v1\\\\index.js\"}"}}
[debug] [2023-07-14T17:10:26.533Z] [runtime-status] [9832] Outgoing network have been stubbed. [{"name":"http","status":"mocked"},{"name":"http","status":"mocked"},{"name":"https","status":"mocked"},{"name":"https","status":"mocked"},{"name":"net","status":"mocked"}] {"metadata":{"emulator":{"name":"functions"},"function":{"name":"us-central1-api"},"extension":{},"message":"[runtime-status] [9832] Outgoing network have been stubbed. [{\"name\":\"http\",\"status\":\"mocked\"},{\"name\":\"http\",\"status\":\"mocked\"},{\"name\":\"https\",\"status\":\"mocked\"},{\"name\":\"https\",\"status\":\"mocked\"},{\"name\":\"net\",\"status\":\"mocked\"}]"}}
[debug] [2023-07-14T17:10:26.534Z] [runtime-status] [9832] Resolved module firebase-functions {"declared":true,"installed":true,"version":"4.4.1","resolution":"C:\\Users\\eva\\cloneAmazon\\amazon-clone\\functions\\node_modules\\firebase-functions\\lib\\v1\\index.js"} {"metadata":{"emulator":{"name":"functions"},"function":{"name":"us-central1-api"},"extension":{},"message":"[runtime-status] [9832] Resolved module firebase-functions {\"declared\":true,\"installed\":true,\"version\":\"4.4.1\",\"resolution\":\"C:\\\\Users\\\\eva\\\\cloneAmazon\\\\amazon-clone\\\\functions\\\\node_modules\\\\firebase-functions\\\\lib\\\\v1\\\\index.js\"}"}}
[debug] [2023-07-14T17:10:26.812Z] [runtime-status] [9832] Checked functions.config() {"config":{}} {"metadata":{"emulator":{"name":"functions"},"function":{"name":"us-central1-api"},"extension":{},"message":"[runtime-status] [9832] Checked functions.config() {\"config\":{}}"}}
[debug] [2023-07-14T17:10:26.813Z] [runtime-status] [9832] firebase-functions has been stubbed. {"functionsResolution":{"declared":true,"installed":true,"version":"4.4.1","resolution":"C:\\Users\\eva\\cloneAmazon\\amazon-clone\\functions\\node_modules\\firebase-functions\\lib\\v1\\index.js"}} {"metadata":{"emulator":{"name":"functions"},"function":{"name":"us-central1-api"},"extension":{},"message":"[runtime-status] [9832] firebase-functions has been stubbed. {\"functionsResolution\":{\"declared\":true,\"installed\":true,\"version\":\"4.4.1\",\"resolution\":\"C:\\\\Users\\\\eva\\\\cloneAmazon\\\\amazon-clone\\\\functions\\\\node_modules\\\\firebase-functions\\\\lib\\\\v1\\\\index.js\"}}"}}
[debug] [2023-07-14T17:10:26.813Z] [runtime-status] [9832] Resolved module firebase-functions {"declared":true,"installed":true,"version":"4.4.1","resolution":"C:\\Users\\eva\\cloneAmazon\\amazon-clone\\functions\\node_modules\\firebase-functions\\lib\\v1\\index.js"} {"metadata":{"emulator":{"name":"functions"},"function":{"name":"us-central1-api"},"extension":{},"message":"[runtime-status] [9832] Resolved module firebase-functions {\"declared\":true,\"installed\":true,\"version\":\"4.4.1\",\"resolution\":\"C:\\\\Users\\\\eva\\\\cloneAmazon\\\\amazon-clone\\\\functions\\\\node_modules\\\\firebase-functions\\\\lib\\\\v1\\\\index.js\"}"}}
[debug] [2023-07-14T17:10:26.814Z] [runtime-status] [9832] Resolved module firebase-admin {"declared":true,"installed":true,"version":"11.10.1","resolution":"C:\\Users\\eva\\cloneAmazon\\amazon-clone\\functions\\node_modules\\firebase-admin\\lib\\index.js"} {"metadata":{"emulator":{"name":"functions"},"function":{"name":"us-central1-api"},"extension":{},"message":"[runtime-status] [9832] Resolved module firebase-admin {\"declared\":true,\"installed\":true,\"version\":\"11.10.1\",\"resolution\":\"C:\\\\Users\\\\eva\\\\cloneAmazon\\\\amazon-clone\\\\functions\\\\node_modules\\\\firebase-admin\\\\lib\\\\index.js\"}"}}
[debug] [2023-07-14T17:10:26.852Z] [runtime-status] [9832] Resolved module firebase-functions {"declared":true,"installed":true,"version":"4.4.1","resolution":"C:\\Users\\eva\\cloneAmazon\\amazon-clone\\functions\\node_modules\\firebase-functions\\lib\\v1\\index.js"} {"metadata":{"emulator":{"name":"functions"},"function":{"name":"us-central1-api"},"extension":{},"message":"[runtime-status] [9832] Resolved module firebase-functions {\"declared\":true,\"installed\":true,\"version\":\"4.4.1\",\"resolution\":\"C:\\\\Users\\\\eva\\\\cloneAmazon\\\\amazon-clone\\\\functions\\\\node_modules\\\\firebase-functions\\\\lib\\\\v1\\\\index.js\"}"}}
[debug] [2023-07-14T17:10:26.852Z] [runtime-status] [9832] firebase-admin has been stubbed. {"adminResolution":{"declared":true,"installed":true,"version":"11.10.1","resolution":"C:\\Users\\eva\\cloneAmazon\\amazon-clone\\functions\\node_modules\\firebase-admin\\lib\\index.js"}} {"metadata":{"emulator":{"name":"functions"},"function":{"name":"us-central1-api"},"extension":{},"message":"[runtime-status] [9832] firebase-admin has been stubbed. {\"adminResolution\":{\"declared\":true,\"installed\":true,\"version\":\"11.10.1\",\"resolution\":\"C:\\\\Users\\\\eva\\\\cloneAmazon\\\\amazon-clone\\\\functions\\\\node_modules\\\\firebase-admin\\\\lib\\\\index.js\"}}"}}
[debug] [2023-07-14T17:10:27.091Z] [runtime-status] [9832] Functions runtime initialized. {"cwd":"C:\\Users\\eva\\cloneAmazon\\amazon-clone\\functions","node_version":"18.15.0"} {"metadata":{"emulator":{"name":"functions"},"function":{"name":"us-central1-api"},"extension":{},"message":"[runtime-status] [9832] Functions runtime initialized. {\"cwd\":\"C:\\\\Users\\\\eva\\\\cloneAmazon\\\\amazon-clone\\\\functions\",\"node_version\":\"18.15.0\"}"}}
[debug] [2023-07-14T17:10:27.092Z] [runtime-status] [9832] Listening to port: \\?\pipe\fire_emu_b8820c26a5374c25 {"metadata":{"emulator":{"name":"functions"},"function":{"name":"us-central1-api"},"extension":{},"message":"[runtime-status] [9832] Listening to port: \\\\?\\pipe\\fire_emu_b8820c26a5374c25"}}
[debug] [2023-07-14T17:10:27.098Z] [worker-us-central1-api-90fe07ef-822c-473b-9a3c-b8fbd3c446dd]: IDLE {"metadata":{"emulator":{"name":"functions"},"function":{"name":"us-central1-api"},"extension":{},"message":"[worker-us-central1-api-90fe07ef-822c-473b-9a3c-b8fbd3c446dd]: IDLE"}}
[debug] [2023-07-14T17:10:27.099Z] [worker-pool] submitRequest(triggerId=us-central1-api) {"metadata":{"emulator":{"name":"functions"},"message":"[worker-pool] submitRequest(triggerId=us-central1-api)"}}
[info] i  functions: Beginning execution of "us-central1-api" {"metadata":{"emulator":{"name":"functions"},"function":{"name":"us-central1-api"},"extension":{},"message":"Beginning execution of \"us-central1-api\""}}
[debug] [2023-07-14T17:10:27.101Z] [worker-us-central1-api-90fe07ef-822c-473b-9a3c-b8fbd3c446dd]: BUSY {"metadata":{"emulator":{"name":"functions"},"function":{"name":"us-central1-api"},"extension":{},"message":"[worker-us-central1-api-90fe07ef-822c-473b-9a3c-b8fbd3c446dd]: BUSY"}}
[debug] [2023-07-14T17:10:27.110Z] Finishing up request with event=pause {"metadata":{"emulator":{"name":"functions"},"function":{"name":"us-central1-api"},"extension":{},"message":"Finishing up request with event=pause"}}
[info] i  functions: Finished "us-central1-api" in 10.5486ms {"metadata":{"emulator":{"name":"functions"},"function":{"name":"us-central1-api"},"extension":{},"message":"Finished \"us-central1-api\" in 10.5486ms"}}
[debug] [2023-07-14T17:10:27.113Z] [worker-us-central1-api-90fe07ef-822c-473b-9a3c-b8fbd3c446dd]: IDLE {"metadata":{"emulator":{"name":"functions"},"function":{"name":"us-central1-api"},"extension":{},"message":"[worker-us-central1-api-90fe07ef-822c-473b-9a3c-b8fbd3c446dd]: IDLE"}}
[debug] [2023-07-14T17:10:27.113Z] Finishing up request with event=finish {"metadata":{"emulator":{"name":"functions"},"function":{"name":"us-central1-api"},"extension":{},"message":"Finishing up request with event=finish"}}
[debug] [2023-07-14T17:10:27.114Z] Finishing up request with event=close {"metadata":{"emulator":{"name":"functions"},"function":{"name":"us-central1-api"},"extension":{},"message":"Finishing up request with event=close"}}
[debug] [2023-07-14T17:10:27.114Z] [work-queue] {"queuedWork":[],"queueLength":0,"runningWork":[],"workRunningCount":0}
[debug] [2023-07-14T17:10:28.050Z] Functions emulator received unknown request at path /favicon.ico
[debug] [2023-07-14T17:11:10.759Z] File C:\Users\eva\cloneAmazon\amazon-clone\functions\index.js changed, reloading triggers {"metadata":{"emulator":{"name":"functions"},"message":"File C:\\Users\\eva\\cloneAmazon\\amazon-clone\\functions\\index.js changed, reloading triggers"}}
